2025-12-24 23:15:29 | INFO     | src.utils.logger:setup_logger:42 - Logger initialized. Logs saved to: baselines_training\cofars_20251224_231529.log
2025-12-24 23:15:29 | INFO     | __main__:main:247 - Using device: cpu
2025-12-24 23:15:29 | INFO     | __main__:main:250 - Loading data...
2025-12-24 23:15:32 | INFO     | __main__:main:261 - Data loaded:
2025-12-24 23:15:32 | INFO     | __main__:main:262 -   Train: 196780 samples
2025-12-24 23:15:32 | INFO     | __main__:main:263 -   Val: 24480 samples
2025-12-24 23:15:32 | INFO     | __main__:main:264 -   Test: 24500 samples
2025-12-24 23:15:32 | INFO     | __main__:main:265 -   Items: 11746
2025-12-24 23:15:32 | INFO     | __main__:train_baseline:116 - 
================================================================================
2025-12-24 23:15:32 | INFO     | __main__:train_baseline:117 - Training average_pooling
2025-12-24 23:15:32 | INFO     | __main__:train_baseline:118 - ================================================================================
2025-12-24 23:15:32 | INFO     | __main__:train_baseline:119 - Model parameters: 190,113
2025-12-24 23:15:32 | INFO     | __main__:train_baseline:140 - 
Epoch 1/30
2025-12-24 23:15:39 | INFO     | __main__:train_baseline:144 - Train Loss: 0.4926
2025-12-24 23:15:39 | INFO     | __main__:train_baseline:148 - Val Loss: 0.4666
2025-12-24 23:15:39 | INFO     | __main__:train_baseline:149 - Val AUC: 0.6947
2025-12-24 23:15:39 | INFO     | __main__:train_baseline:150 - Val AP: 0.3610
2025-12-24 23:15:39 | INFO     | __main__:train_baseline:168 - ✓ Saved best model (AUC: 0.6947)
2025-12-24 23:15:39 | INFO     | __main__:train_baseline:140 - 
Epoch 2/30
2025-12-24 23:15:46 | INFO     | __main__:train_baseline:144 - Train Loss: 0.4280
2025-12-24 23:15:46 | INFO     | __main__:train_baseline:148 - Val Loss: 0.3939
2025-12-24 23:15:46 | INFO     | __main__:train_baseline:149 - Val AUC: 0.8180
2025-12-24 23:15:46 | INFO     | __main__:train_baseline:150 - Val AP: 0.5140
2025-12-24 23:15:46 | INFO     | __main__:train_baseline:168 - ✓ Saved best model (AUC: 0.8180)
2025-12-24 23:15:46 | INFO     | __main__:train_baseline:140 - 
Epoch 3/30
2025-12-24 23:15:54 | INFO     | __main__:train_baseline:144 - Train Loss: 0.3586
2025-12-24 23:15:54 | INFO     | __main__:train_baseline:148 - Val Loss: 0.3426
2025-12-24 23:15:54 | INFO     | __main__:train_baseline:149 - Val AUC: 0.8702
2025-12-24 23:15:54 | INFO     | __main__:train_baseline:150 - Val AP: 0.5892
2025-12-24 23:15:54 | INFO     | __main__:train_baseline:168 - ✓ Saved best model (AUC: 0.8702)
2025-12-24 23:15:54 | INFO     | __main__:train_baseline:140 - 
Epoch 4/30
2025-12-24 23:16:03 | INFO     | __main__:train_baseline:144 - Train Loss: 0.3149
2025-12-24 23:16:03 | INFO     | __main__:train_baseline:148 - Val Loss: 0.3141
2025-12-24 23:16:03 | INFO     | __main__:train_baseline:149 - Val AUC: 0.8920
2025-12-24 23:16:03 | INFO     | __main__:train_baseline:150 - Val AP: 0.6209
2025-12-24 23:16:03 | INFO     | __main__:train_baseline:168 - ✓ Saved best model (AUC: 0.8920)
2025-12-24 23:16:03 | INFO     | __main__:train_baseline:140 - 
Epoch 5/30
2025-12-24 23:16:13 | INFO     | __main__:train_baseline:144 - Train Loss: 0.2903
2025-12-24 23:16:14 | INFO     | __main__:train_baseline:148 - Val Loss: 0.2999
2025-12-24 23:16:14 | INFO     | __main__:train_baseline:149 - Val AUC: 0.9016
2025-12-24 23:16:14 | INFO     | __main__:train_baseline:150 - Val AP: 0.6340
2025-12-24 23:16:14 | INFO     | __main__:train_baseline:168 - ✓ Saved best model (AUC: 0.9016)
2025-12-24 23:16:14 | INFO     | __main__:train_baseline:140 - 
Epoch 6/30
2025-12-24 23:16:23 | INFO     | __main__:train_baseline:144 - Train Loss: 0.2758
2025-12-24 23:16:23 | INFO     | __main__:train_baseline:148 - Val Loss: 0.2930
2025-12-24 23:16:23 | INFO     | __main__:train_baseline:149 - Val AUC: 0.9065
2025-12-24 23:16:23 | INFO     | __main__:train_baseline:150 - Val AP: 0.6402
2025-12-24 23:16:23 | INFO     | __main__:train_baseline:168 - ✓ Saved best model (AUC: 0.9065)
2025-12-24 23:16:23 | INFO     | __main__:train_baseline:140 - 
Epoch 7/30
2025-12-24 23:16:32 | INFO     | __main__:train_baseline:144 - Train Loss: 0.2671
2025-12-24 23:16:33 | INFO     | __main__:train_baseline:148 - Val Loss: 0.2887
2025-12-24 23:16:33 | INFO     | __main__:train_baseline:149 - Val AUC: 0.9092
2025-12-24 23:16:33 | INFO     | __main__:train_baseline:150 - Val AP: 0.6440
2025-12-24 23:16:33 | INFO     | __main__:train_baseline:168 - ✓ Saved best model (AUC: 0.9092)
2025-12-24 23:16:33 | INFO     | __main__:train_baseline:140 - 
Epoch 8/30
2025-12-24 23:16:42 | INFO     | __main__:train_baseline:144 - Train Loss: 0.2617
2025-12-24 23:16:42 | INFO     | __main__:train_baseline:148 - Val Loss: 0.2872
2025-12-24 23:16:42 | INFO     | __main__:train_baseline:149 - Val AUC: 0.9108
2025-12-24 23:16:42 | INFO     | __main__:train_baseline:150 - Val AP: 0.6471
2025-12-24 23:16:42 | INFO     | __main__:train_baseline:168 - ✓ Saved best model (AUC: 0.9108)
2025-12-24 23:16:42 | INFO     | __main__:train_baseline:140 - 
Epoch 9/30
2025-12-24 23:16:51 | INFO     | __main__:train_baseline:144 - Train Loss: 0.2577
2025-12-24 23:16:52 | INFO     | __main__:train_baseline:148 - Val Loss: 0.2869
2025-12-24 23:16:52 | INFO     | __main__:train_baseline:149 - Val AUC: 0.9114
2025-12-24 23:16:52 | INFO     | __main__:train_baseline:150 - Val AP: 0.6464
2025-12-24 23:16:52 | INFO     | __main__:train_baseline:168 - ✓ Saved best model (AUC: 0.9114)
2025-12-24 23:16:52 | INFO     | __main__:train_baseline:140 - 
Epoch 10/30
2025-12-24 23:17:01 | INFO     | __main__:train_baseline:144 - Train Loss: 0.2555
2025-12-24 23:17:01 | INFO     | __main__:train_baseline:148 - Val Loss: 0.2862
2025-12-24 23:17:01 | INFO     | __main__:train_baseline:149 - Val AUC: 0.9119
2025-12-24 23:17:01 | INFO     | __main__:train_baseline:150 - Val AP: 0.6459
2025-12-24 23:17:01 | INFO     | __main__:train_baseline:168 - ✓ Saved best model (AUC: 0.9119)
2025-12-24 23:17:01 | INFO     | __main__:train_baseline:140 - 
Epoch 11/30
2025-12-24 23:17:10 | INFO     | __main__:train_baseline:144 - Train Loss: 0.2535
2025-12-24 23:17:11 | INFO     | __main__:train_baseline:148 - Val Loss: 0.2866
2025-12-24 23:17:11 | INFO     | __main__:train_baseline:149 - Val AUC: 0.9125
2025-12-24 23:17:11 | INFO     | __main__:train_baseline:150 - Val AP: 0.6493
2025-12-24 23:17:11 | INFO     | __main__:train_baseline:168 - ✓ Saved best model (AUC: 0.9125)
2025-12-24 23:17:11 | INFO     | __main__:train_baseline:140 - 
Epoch 12/30
2025-12-24 23:17:20 | INFO     | __main__:train_baseline:144 - Train Loss: 0.2522
2025-12-24 23:17:20 | INFO     | __main__:train_baseline:148 - Val Loss: 0.2865
2025-12-24 23:17:20 | INFO     | __main__:train_baseline:149 - Val AUC: 0.9127
2025-12-24 23:17:20 | INFO     | __main__:train_baseline:150 - Val AP: 0.6517
2025-12-24 23:17:20 | INFO     | __main__:train_baseline:168 - ✓ Saved best model (AUC: 0.9127)
2025-12-24 23:17:20 | INFO     | __main__:train_baseline:140 - 
Epoch 13/30
2025-12-24 23:17:29 | INFO     | __main__:train_baseline:144 - Train Loss: 0.2509
2025-12-24 23:17:29 | INFO     | __main__:train_baseline:148 - Val Loss: 0.2883
2025-12-24 23:17:29 | INFO     | __main__:train_baseline:149 - Val AUC: 0.9125
2025-12-24 23:17:29 | INFO     | __main__:train_baseline:150 - Val AP: 0.6483
2025-12-24 23:17:29 | INFO     | __main__:train_baseline:140 - 
Epoch 14/30
2025-12-24 23:17:38 | INFO     | __main__:train_baseline:144 - Train Loss: 0.2504
2025-12-24 23:17:39 | INFO     | __main__:train_baseline:148 - Val Loss: 0.2887
2025-12-24 23:17:39 | INFO     | __main__:train_baseline:149 - Val AUC: 0.9126
2025-12-24 23:17:39 | INFO     | __main__:train_baseline:150 - Val AP: 0.6470
2025-12-24 23:17:39 | INFO     | __main__:train_baseline:140 - 
Epoch 15/30
2025-12-24 23:17:48 | INFO     | __main__:train_baseline:144 - Train Loss: 0.2499
2025-12-24 23:17:48 | INFO     | __main__:train_baseline:148 - Val Loss: 0.2905
2025-12-24 23:17:48 | INFO     | __main__:train_baseline:149 - Val AUC: 0.9129
2025-12-24 23:17:48 | INFO     | __main__:train_baseline:150 - Val AP: 0.6501
2025-12-24 23:17:48 | INFO     | __main__:train_baseline:168 - ✓ Saved best model (AUC: 0.9129)
2025-12-24 23:17:48 | INFO     | __main__:train_baseline:140 - 
Epoch 16/30
2025-12-24 23:17:57 | INFO     | __main__:train_baseline:144 - Train Loss: 0.2495
2025-12-24 23:17:58 | INFO     | __main__:train_baseline:148 - Val Loss: 0.2899
2025-12-24 23:17:58 | INFO     | __main__:train_baseline:149 - Val AUC: 0.9128
2025-12-24 23:17:58 | INFO     | __main__:train_baseline:150 - Val AP: 0.6486
2025-12-24 23:17:58 | INFO     | __main__:train_baseline:140 - 
Epoch 17/30
2025-12-24 23:18:07 | INFO     | __main__:train_baseline:144 - Train Loss: 0.2491
2025-12-24 23:18:07 | INFO     | __main__:train_baseline:148 - Val Loss: 0.2899
2025-12-24 23:18:07 | INFO     | __main__:train_baseline:149 - Val AUC: 0.9131
2025-12-24 23:18:07 | INFO     | __main__:train_baseline:150 - Val AP: 0.6507
2025-12-24 23:18:07 | INFO     | __main__:train_baseline:168 - ✓ Saved best model (AUC: 0.9131)
2025-12-24 23:18:07 | INFO     | __main__:train_baseline:140 - 
Epoch 18/30
2025-12-24 23:18:16 | INFO     | __main__:train_baseline:144 - Train Loss: 0.2489
2025-12-24 23:18:17 | INFO     | __main__:train_baseline:148 - Val Loss: 0.2921
2025-12-24 23:18:17 | INFO     | __main__:train_baseline:149 - Val AUC: 0.9128
2025-12-24 23:18:17 | INFO     | __main__:train_baseline:150 - Val AP: 0.6494
2025-12-24 23:18:17 | INFO     | __main__:train_baseline:140 - 
Epoch 19/30
2025-12-24 23:18:26 | INFO     | __main__:train_baseline:144 - Train Loss: 0.2489
2025-12-24 23:18:26 | INFO     | __main__:train_baseline:148 - Val Loss: 0.2923
2025-12-24 23:18:26 | INFO     | __main__:train_baseline:149 - Val AUC: 0.9127
2025-12-24 23:18:26 | INFO     | __main__:train_baseline:150 - Val AP: 0.6492
2025-12-24 23:18:26 | INFO     | __main__:train_baseline:140 - 
Epoch 20/30
2025-12-24 23:18:35 | INFO     | __main__:train_baseline:144 - Train Loss: 0.2485
2025-12-24 23:18:35 | INFO     | __main__:train_baseline:148 - Val Loss: 0.2927
2025-12-24 23:18:35 | INFO     | __main__:train_baseline:149 - Val AUC: 0.9130
2025-12-24 23:18:35 | INFO     | __main__:train_baseline:150 - Val AP: 0.6501
2025-12-24 23:18:35 | INFO     | __main__:train_baseline:140 - 
Epoch 21/30
2025-12-24 23:18:44 | INFO     | __main__:train_baseline:144 - Train Loss: 0.2485
2025-12-24 23:18:45 | INFO     | __main__:train_baseline:148 - Val Loss: 0.2930
2025-12-24 23:18:45 | INFO     | __main__:train_baseline:149 - Val AUC: 0.9129
2025-12-24 23:18:45 | INFO     | __main__:train_baseline:150 - Val AP: 0.6515
2025-12-24 23:18:45 | INFO     | __main__:train_baseline:140 - 
Epoch 22/30
2025-12-24 23:18:55 | INFO     | __main__:train_baseline:144 - Train Loss: 0.2478
2025-12-24 23:18:55 | INFO     | __main__:train_baseline:148 - Val Loss: 0.2950
2025-12-24 23:18:55 | INFO     | __main__:train_baseline:149 - Val AUC: 0.9129
2025-12-24 23:18:55 | INFO     | __main__:train_baseline:150 - Val AP: 0.6518
2025-12-24 23:18:55 | INFO     | __main__:train_baseline:140 - 
Epoch 23/30
2025-12-24 23:19:03 | INFO     | __main__:train_baseline:144 - Train Loss: 0.2479
2025-12-24 23:19:04 | INFO     | __main__:train_baseline:148 - Val Loss: 0.2944
2025-12-24 23:19:04 | INFO     | __main__:train_baseline:149 - Val AUC: 0.9131
2025-12-24 23:19:04 | INFO     | __main__:train_baseline:150 - Val AP: 0.6521
2025-12-24 23:19:04 | INFO     | __main__:train_baseline:140 - 
Epoch 24/30
2025-12-24 23:19:12 | INFO     | __main__:train_baseline:144 - Train Loss: 0.2477
2025-12-24 23:19:13 | INFO     | __main__:train_baseline:148 - Val Loss: 0.2943
2025-12-24 23:19:13 | INFO     | __main__:train_baseline:149 - Val AUC: 0.9129
2025-12-24 23:19:13 | INFO     | __main__:train_baseline:150 - Val AP: 0.6507
2025-12-24 23:19:13 | INFO     | __main__:train_baseline:140 - 
Epoch 25/30
2025-12-24 23:19:19 | INFO     | __main__:train_baseline:144 - Train Loss: 0.2476
2025-12-24 23:19:20 | INFO     | __main__:train_baseline:148 - Val Loss: 0.2949
2025-12-24 23:19:20 | INFO     | __main__:train_baseline:149 - Val AUC: 0.9133
2025-12-24 23:19:20 | INFO     | __main__:train_baseline:150 - Val AP: 0.6524
2025-12-24 23:19:20 | INFO     | __main__:train_baseline:168 - ✓ Saved best model (AUC: 0.9133)
2025-12-24 23:19:20 | INFO     | __main__:train_baseline:140 - 
Epoch 26/30
2025-12-24 23:19:28 | INFO     | __main__:train_baseline:144 - Train Loss: 0.2475
2025-12-24 23:19:28 | INFO     | __main__:train_baseline:148 - Val Loss: 0.2948
2025-12-24 23:19:28 | INFO     | __main__:train_baseline:149 - Val AUC: 0.9134
2025-12-24 23:19:28 | INFO     | __main__:train_baseline:150 - Val AP: 0.6537
2025-12-24 23:19:28 | INFO     | __main__:train_baseline:168 - ✓ Saved best model (AUC: 0.9134)
2025-12-24 23:19:28 | INFO     | __main__:train_baseline:140 - 
Epoch 27/30
2025-12-24 23:19:37 | INFO     | __main__:train_baseline:144 - Train Loss: 0.2473
2025-12-24 23:19:37 | INFO     | __main__:train_baseline:148 - Val Loss: 0.2958
2025-12-24 23:19:37 | INFO     | __main__:train_baseline:149 - Val AUC: 0.9132
2025-12-24 23:19:37 | INFO     | __main__:train_baseline:150 - Val AP: 0.6539
2025-12-24 23:19:37 | INFO     | __main__:train_baseline:140 - 
Epoch 28/30
2025-12-24 23:19:45 | INFO     | __main__:train_baseline:144 - Train Loss: 0.2471
2025-12-24 23:19:45 | INFO     | __main__:train_baseline:148 - Val Loss: 0.2954
2025-12-24 23:19:45 | INFO     | __main__:train_baseline:149 - Val AUC: 0.9130
2025-12-24 23:19:45 | INFO     | __main__:train_baseline:150 - Val AP: 0.6509
2025-12-24 23:19:45 | INFO     | __main__:train_baseline:140 - 
Epoch 29/30
2025-12-24 23:19:54 | INFO     | __main__:train_baseline:144 - Train Loss: 0.2470
2025-12-24 23:19:54 | INFO     | __main__:train_baseline:148 - Val Loss: 0.2965
2025-12-24 23:19:54 | INFO     | __main__:train_baseline:149 - Val AUC: 0.9136
2025-12-24 23:19:54 | INFO     | __main__:train_baseline:150 - Val AP: 0.6546
2025-12-24 23:19:54 | INFO     | __main__:train_baseline:168 - ✓ Saved best model (AUC: 0.9136)
2025-12-24 23:19:54 | INFO     | __main__:train_baseline:140 - 
Epoch 30/30
2025-12-24 23:20:02 | INFO     | __main__:train_baseline:144 - Train Loss: 0.2471
2025-12-24 23:20:03 | INFO     | __main__:train_baseline:148 - Val Loss: 0.2959
2025-12-24 23:20:03 | INFO     | __main__:train_baseline:149 - Val AUC: 0.9137
2025-12-24 23:20:03 | INFO     | __main__:train_baseline:150 - Val AP: 0.6559
2025-12-24 23:20:03 | INFO     | __main__:train_baseline:168 - ✓ Saved best model (AUC: 0.9137)
2025-12-24 23:20:03 | INFO     | __main__:train_baseline:171 - 
================================================================================
2025-12-24 23:20:03 | INFO     | __main__:train_baseline:172 - Testing average_pooling
2025-12-24 23:20:03 | INFO     | __main__:train_baseline:173 - ================================================================================
2025-12-24 23:20:03 | INFO     | __main__:train_baseline:179 - Test Loss: 0.2980
2025-12-24 23:20:03 | INFO     | __main__:train_baseline:180 - Test AUC: 0.9109
2025-12-24 23:20:03 | INFO     | __main__:train_baseline:181 - Test AP: 0.6431
2025-12-24 23:20:03 | INFO     | __main__:train_baseline:116 - 
================================================================================
2025-12-24 23:20:03 | INFO     | __main__:train_baseline:117 - Training standard_gru
2025-12-24 23:20:03 | INFO     | __main__:train_baseline:118 - ================================================================================
2025-12-24 23:20:03 | INFO     | __main__:train_baseline:119 - Model parameters: 208,929
2025-12-24 23:20:03 | INFO     | __main__:train_baseline:140 - 
Epoch 1/30
2025-12-24 23:20:26 | INFO     | __main__:train_baseline:144 - Train Loss: 0.4914
2025-12-24 23:20:26 | INFO     | __main__:train_baseline:148 - Val Loss: 0.4632
2025-12-24 23:20:26 | INFO     | __main__:train_baseline:149 - Val AUC: 0.6951
2025-12-24 23:20:26 | INFO     | __main__:train_baseline:150 - Val AP: 0.3591
2025-12-24 23:20:26 | INFO     | __main__:train_baseline:168 - ✓ Saved best model (AUC: 0.6951)
2025-12-24 23:20:26 | INFO     | __main__:train_baseline:140 - 
Epoch 2/30
2025-12-24 23:20:49 | INFO     | __main__:train_baseline:144 - Train Loss: 0.4222
2025-12-24 23:20:50 | INFO     | __main__:train_baseline:148 - Val Loss: 0.3888
2025-12-24 23:20:50 | INFO     | __main__:train_baseline:149 - Val AUC: 0.8229
2025-12-24 23:20:50 | INFO     | __main__:train_baseline:150 - Val AP: 0.5197
2025-12-24 23:20:50 | INFO     | __main__:train_baseline:168 - ✓ Saved best model (AUC: 0.8229)
2025-12-24 23:20:50 | INFO     | __main__:train_baseline:140 - 
Epoch 3/30
2025-12-24 23:21:13 | INFO     | __main__:train_baseline:144 - Train Loss: 0.3523
2025-12-24 23:21:13 | INFO     | __main__:train_baseline:148 - Val Loss: 0.3402
2025-12-24 23:21:13 | INFO     | __main__:train_baseline:149 - Val AUC: 0.8730
2025-12-24 23:21:13 | INFO     | __main__:train_baseline:150 - Val AP: 0.5964
2025-12-24 23:21:13 | INFO     | __main__:train_baseline:168 - ✓ Saved best model (AUC: 0.8730)
2025-12-24 23:21:13 | INFO     | __main__:train_baseline:140 - 
Epoch 4/30
2025-12-24 23:21:37 | INFO     | __main__:train_baseline:144 - Train Loss: 0.3094
2025-12-24 23:21:37 | INFO     | __main__:train_baseline:148 - Val Loss: 0.3124
2025-12-24 23:21:37 | INFO     | __main__:train_baseline:149 - Val AUC: 0.8937
2025-12-24 23:21:37 | INFO     | __main__:train_baseline:150 - Val AP: 0.6287
2025-12-24 23:21:37 | INFO     | __main__:train_baseline:168 - ✓ Saved best model (AUC: 0.8937)
2025-12-24 23:21:37 | INFO     | __main__:train_baseline:140 - 
Epoch 5/30
2025-12-24 23:22:01 | INFO     | __main__:train_baseline:144 - Train Loss: 0.2852
2025-12-24 23:22:01 | INFO     | __main__:train_baseline:148 - Val Loss: 0.2984
2025-12-24 23:22:01 | INFO     | __main__:train_baseline:149 - Val AUC: 0.9032
2025-12-24 23:22:01 | INFO     | __main__:train_baseline:150 - Val AP: 0.6432
2025-12-24 23:22:01 | INFO     | __main__:train_baseline:168 - ✓ Saved best model (AUC: 0.9032)
2025-12-24 23:22:01 | INFO     | __main__:train_baseline:140 - 
Epoch 6/30
2025-12-24 23:22:24 | INFO     | __main__:train_baseline:144 - Train Loss: 0.2717
2025-12-24 23:22:25 | INFO     | __main__:train_baseline:148 - Val Loss: 0.2925
2025-12-24 23:22:25 | INFO     | __main__:train_baseline:149 - Val AUC: 0.9079
2025-12-24 23:22:25 | INFO     | __main__:train_baseline:150 - Val AP: 0.6468
2025-12-24 23:22:25 | INFO     | __main__:train_baseline:168 - ✓ Saved best model (AUC: 0.9079)
2025-12-24 23:22:25 | INFO     | __main__:train_baseline:140 - 
Epoch 7/30
2025-12-24 23:22:48 | INFO     | __main__:train_baseline:144 - Train Loss: 0.2633
2025-12-24 23:22:49 | INFO     | __main__:train_baseline:148 - Val Loss: 0.2899
2025-12-24 23:22:49 | INFO     | __main__:train_baseline:149 - Val AUC: 0.9102
2025-12-24 23:22:49 | INFO     | __main__:train_baseline:150 - Val AP: 0.6487
2025-12-24 23:22:49 | INFO     | __main__:train_baseline:168 - ✓ Saved best model (AUC: 0.9102)
2025-12-24 23:22:49 | INFO     | __main__:train_baseline:140 - 
Epoch 8/30
2025-12-24 23:23:12 | INFO     | __main__:train_baseline:144 - Train Loss: 0.2582
2025-12-24 23:23:12 | INFO     | __main__:train_baseline:148 - Val Loss: 0.2884
2025-12-24 23:23:12 | INFO     | __main__:train_baseline:149 - Val AUC: 0.9116
2025-12-24 23:23:12 | INFO     | __main__:train_baseline:150 - Val AP: 0.6507
2025-12-24 23:23:12 | INFO     | __main__:train_baseline:168 - ✓ Saved best model (AUC: 0.9116)
2025-12-24 23:23:12 | INFO     | __main__:train_baseline:140 - 
Epoch 9/30
2025-12-24 23:23:35 | INFO     | __main__:train_baseline:144 - Train Loss: 0.2549
2025-12-24 23:23:36 | INFO     | __main__:train_baseline:148 - Val Loss: 0.2892
2025-12-24 23:23:36 | INFO     | __main__:train_baseline:149 - Val AUC: 0.9128
2025-12-24 23:23:36 | INFO     | __main__:train_baseline:150 - Val AP: 0.6537
2025-12-24 23:23:36 | INFO     | __main__:train_baseline:168 - ✓ Saved best model (AUC: 0.9128)
2025-12-24 23:23:36 | INFO     | __main__:train_baseline:140 - 
Epoch 10/30
2025-12-24 23:23:59 | INFO     | __main__:train_baseline:144 - Train Loss: 0.2525
2025-12-24 23:24:00 | INFO     | __main__:train_baseline:148 - Val Loss: 0.2887
2025-12-24 23:24:00 | INFO     | __main__:train_baseline:149 - Val AUC: 0.9131
2025-12-24 23:24:00 | INFO     | __main__:train_baseline:150 - Val AP: 0.6535
2025-12-24 23:24:00 | INFO     | __main__:train_baseline:168 - ✓ Saved best model (AUC: 0.9131)
2025-12-24 23:24:00 | INFO     | __main__:train_baseline:140 - 
Epoch 11/30
2025-12-24 23:24:24 | INFO     | __main__:train_baseline:144 - Train Loss: 0.2508
2025-12-24 23:24:25 | INFO     | __main__:train_baseline:148 - Val Loss: 0.2896
2025-12-24 23:24:25 | INFO     | __main__:train_baseline:149 - Val AUC: 0.9134
2025-12-24 23:24:25 | INFO     | __main__:train_baseline:150 - Val AP: 0.6552
2025-12-24 23:24:25 | INFO     | __main__:train_baseline:168 - ✓ Saved best model (AUC: 0.9134)
2025-12-24 23:24:25 | INFO     | __main__:train_baseline:140 - 
Epoch 12/30
2025-12-24 23:24:52 | INFO     | __main__:train_baseline:144 - Train Loss: 0.2496
2025-12-24 23:24:53 | INFO     | __main__:train_baseline:148 - Val Loss: 0.2918
2025-12-24 23:24:53 | INFO     | __main__:train_baseline:149 - Val AUC: 0.9137
2025-12-24 23:24:53 | INFO     | __main__:train_baseline:150 - Val AP: 0.6556
2025-12-24 23:24:53 | INFO     | __main__:train_baseline:168 - ✓ Saved best model (AUC: 0.9137)
2025-12-24 23:24:53 | INFO     | __main__:train_baseline:140 - 
Epoch 13/30
2025-12-24 23:25:19 | INFO     | __main__:train_baseline:144 - Train Loss: 0.2488
2025-12-24 23:25:19 | INFO     | __main__:train_baseline:148 - Val Loss: 0.2922
2025-12-24 23:25:19 | INFO     | __main__:train_baseline:149 - Val AUC: 0.9138
2025-12-24 23:25:19 | INFO     | __main__:train_baseline:150 - Val AP: 0.6556
2025-12-24 23:25:19 | INFO     | __main__:train_baseline:168 - ✓ Saved best model (AUC: 0.9138)
2025-12-24 23:25:19 | INFO     | __main__:train_baseline:140 - 
Epoch 14/30
2025-12-24 23:25:44 | INFO     | __main__:train_baseline:144 - Train Loss: 0.2479
2025-12-24 23:25:45 | INFO     | __main__:train_baseline:148 - Val Loss: 0.2918
2025-12-24 23:25:45 | INFO     | __main__:train_baseline:149 - Val AUC: 0.9139
2025-12-24 23:25:45 | INFO     | __main__:train_baseline:150 - Val AP: 0.6558
2025-12-24 23:25:45 | INFO     | __main__:train_baseline:168 - ✓ Saved best model (AUC: 0.9139)
2025-12-24 23:25:45 | INFO     | __main__:train_baseline:140 - 
Epoch 15/30
2025-12-24 23:26:08 | INFO     | __main__:train_baseline:144 - Train Loss: 0.2474
2025-12-24 23:26:09 | INFO     | __main__:train_baseline:148 - Val Loss: 0.2932
2025-12-24 23:26:09 | INFO     | __main__:train_baseline:149 - Val AUC: 0.9142
2025-12-24 23:26:09 | INFO     | __main__:train_baseline:150 - Val AP: 0.6583
2025-12-24 23:26:09 | INFO     | __main__:train_baseline:168 - ✓ Saved best model (AUC: 0.9142)
2025-12-24 23:26:09 | INFO     | __main__:train_baseline:140 - 
Epoch 16/30
2025-12-24 23:26:32 | INFO     | __main__:train_baseline:144 - Train Loss: 0.2467
2025-12-24 23:26:33 | INFO     | __main__:train_baseline:148 - Val Loss: 0.2951
2025-12-24 23:26:33 | INFO     | __main__:train_baseline:149 - Val AUC: 0.9143
2025-12-24 23:26:33 | INFO     | __main__:train_baseline:150 - Val AP: 0.6572
2025-12-24 23:26:33 | INFO     | __main__:train_baseline:168 - ✓ Saved best model (AUC: 0.9143)
2025-12-24 23:26:33 | INFO     | __main__:train_baseline:140 - 
Epoch 17/30
2025-12-24 23:26:56 | INFO     | __main__:train_baseline:144 - Train Loss: 0.2462
2025-12-24 23:26:57 | INFO     | __main__:train_baseline:148 - Val Loss: 0.2953
2025-12-24 23:26:57 | INFO     | __main__:train_baseline:149 - Val AUC: 0.9145
2025-12-24 23:26:57 | INFO     | __main__:train_baseline:150 - Val AP: 0.6578
2025-12-24 23:26:57 | INFO     | __main__:train_baseline:168 - ✓ Saved best model (AUC: 0.9145)
2025-12-24 23:26:57 | INFO     | __main__:train_baseline:140 - 
Epoch 18/30
2025-12-24 23:27:22 | INFO     | __main__:train_baseline:144 - Train Loss: 0.2457
2025-12-24 23:27:23 | INFO     | __main__:train_baseline:148 - Val Loss: 0.2965
2025-12-24 23:27:23 | INFO     | __main__:train_baseline:149 - Val AUC: 0.9140
2025-12-24 23:27:23 | INFO     | __main__:train_baseline:150 - Val AP: 0.6559
2025-12-24 23:27:23 | INFO     | __main__:train_baseline:140 - 
Epoch 19/30
2025-12-24 23:27:47 | INFO     | __main__:train_baseline:144 - Train Loss: 0.2452
2025-12-24 23:27:48 | INFO     | __main__:train_baseline:148 - Val Loss: 0.2965
2025-12-24 23:27:48 | INFO     | __main__:train_baseline:149 - Val AUC: 0.9144
2025-12-24 23:27:48 | INFO     | __main__:train_baseline:150 - Val AP: 0.6587
2025-12-24 23:27:48 | INFO     | __main__:train_baseline:140 - 
Epoch 20/30
2025-12-24 23:28:13 | INFO     | __main__:train_baseline:144 - Train Loss: 0.2448
2025-12-24 23:28:13 | INFO     | __main__:train_baseline:148 - Val Loss: 0.2995
2025-12-24 23:28:13 | INFO     | __main__:train_baseline:149 - Val AUC: 0.9140
2025-12-24 23:28:13 | INFO     | __main__:train_baseline:150 - Val AP: 0.6557
2025-12-24 23:28:13 | INFO     | __main__:train_baseline:140 - 
Epoch 21/30
2025-12-24 23:28:38 | INFO     | __main__:train_baseline:144 - Train Loss: 0.2444
2025-12-24 23:28:39 | INFO     | __main__:train_baseline:148 - Val Loss: 0.3001
2025-12-24 23:28:39 | INFO     | __main__:train_baseline:149 - Val AUC: 0.9144
2025-12-24 23:28:39 | INFO     | __main__:train_baseline:150 - Val AP: 0.6588
2025-12-24 23:28:39 | INFO     | __main__:train_baseline:140 - 
Epoch 22/30
2025-12-24 23:29:03 | INFO     | __main__:train_baseline:144 - Train Loss: 0.2441
2025-12-24 23:29:04 | INFO     | __main__:train_baseline:148 - Val Loss: 0.3009
2025-12-24 23:29:04 | INFO     | __main__:train_baseline:149 - Val AUC: 0.9142
2025-12-24 23:29:04 | INFO     | __main__:train_baseline:150 - Val AP: 0.6589
2025-12-24 23:29:04 | INFO     | __main__:train_baseline:140 - 
Epoch 23/30
2025-12-24 23:29:29 | INFO     | __main__:train_baseline:144 - Train Loss: 0.2437
2025-12-24 23:29:30 | INFO     | __main__:train_baseline:148 - Val Loss: 0.3004
2025-12-24 23:29:30 | INFO     | __main__:train_baseline:149 - Val AUC: 0.9145
2025-12-24 23:29:30 | INFO     | __main__:train_baseline:150 - Val AP: 0.6581
2025-12-24 23:29:30 | INFO     | __main__:train_baseline:140 - 
Epoch 24/30
2025-12-24 23:29:55 | INFO     | __main__:train_baseline:144 - Train Loss: 0.2432
2025-12-24 23:29:56 | INFO     | __main__:train_baseline:148 - Val Loss: 0.3021
2025-12-24 23:29:56 | INFO     | __main__:train_baseline:149 - Val AUC: 0.9146
2025-12-24 23:29:56 | INFO     | __main__:train_baseline:150 - Val AP: 0.6582
2025-12-24 23:29:56 | INFO     | __main__:train_baseline:168 - ✓ Saved best model (AUC: 0.9146)
2025-12-24 23:29:56 | INFO     | __main__:train_baseline:140 - 
Epoch 25/30
2025-12-24 23:30:20 | INFO     | __main__:train_baseline:144 - Train Loss: 0.2427
2025-12-24 23:30:21 | INFO     | __main__:train_baseline:148 - Val Loss: 0.3027
2025-12-24 23:30:21 | INFO     | __main__:train_baseline:149 - Val AUC: 0.9146
2025-12-24 23:30:21 | INFO     | __main__:train_baseline:150 - Val AP: 0.6594
2025-12-24 23:30:21 | INFO     | __main__:train_baseline:140 - 
Epoch 26/30
2025-12-24 23:30:46 | INFO     | __main__:train_baseline:144 - Train Loss: 0.2424
2025-12-24 23:30:47 | INFO     | __main__:train_baseline:148 - Val Loss: 0.3058
2025-12-24 23:30:47 | INFO     | __main__:train_baseline:149 - Val AUC: 0.9143
2025-12-24 23:30:47 | INFO     | __main__:train_baseline:150 - Val AP: 0.6584
2025-12-24 23:30:47 | INFO     | __main__:train_baseline:140 - 
Epoch 27/30
2025-12-24 23:31:11 | INFO     | __main__:train_baseline:144 - Train Loss: 0.2421
2025-12-24 23:31:12 | INFO     | __main__:train_baseline:148 - Val Loss: 0.3040
2025-12-24 23:31:12 | INFO     | __main__:train_baseline:149 - Val AUC: 0.9140
2025-12-24 23:31:12 | INFO     | __main__:train_baseline:150 - Val AP: 0.6594
2025-12-24 23:31:12 | INFO     | __main__:train_baseline:140 - 
Epoch 28/30
2025-12-24 23:31:38 | INFO     | __main__:train_baseline:144 - Train Loss: 0.2417
2025-12-24 23:31:38 | INFO     | __main__:train_baseline:148 - Val Loss: 0.3041
2025-12-24 23:31:38 | INFO     | __main__:train_baseline:149 - Val AUC: 0.9144
2025-12-24 23:31:38 | INFO     | __main__:train_baseline:150 - Val AP: 0.6625
2025-12-24 23:31:38 | INFO     | __main__:train_baseline:140 - 
Epoch 29/30
2025-12-24 23:32:04 | INFO     | __main__:train_baseline:144 - Train Loss: 0.2411
2025-12-24 23:32:04 | INFO     | __main__:train_baseline:148 - Val Loss: 0.3067
2025-12-24 23:32:04 | INFO     | __main__:train_baseline:149 - Val AUC: 0.9140
2025-12-24 23:32:04 | INFO     | __main__:train_baseline:150 - Val AP: 0.6604
2025-12-24 23:32:04 | INFO     | __main__:train_baseline:140 - 
Epoch 30/30
2025-12-24 23:32:30 | INFO     | __main__:train_baseline:144 - Train Loss: 0.2409
2025-12-24 23:32:30 | INFO     | __main__:train_baseline:148 - Val Loss: 0.3046
2025-12-24 23:32:30 | INFO     | __main__:train_baseline:149 - Val AUC: 0.9142
2025-12-24 23:32:30 | INFO     | __main__:train_baseline:150 - Val AP: 0.6610
2025-12-24 23:32:30 | INFO     | __main__:train_baseline:171 - 
================================================================================
2025-12-24 23:32:30 | INFO     | __main__:train_baseline:172 - Testing standard_gru
2025-12-24 23:32:30 | INFO     | __main__:train_baseline:173 - ================================================================================
2025-12-24 23:32:31 | INFO     | __main__:train_baseline:179 - Test Loss: 0.3033
2025-12-24 23:32:31 | INFO     | __main__:train_baseline:180 - Test AUC: 0.9128
2025-12-24 23:32:31 | INFO     | __main__:train_baseline:181 - Test AP: 0.6504
2025-12-24 23:32:31 | INFO     | __main__:train_baseline:116 - 
================================================================================
2025-12-24 23:32:31 | INFO     | __main__:train_baseline:117 - Training din
2025-12-24 23:32:31 | INFO     | __main__:train_baseline:118 - ================================================================================
2025-12-24 23:32:31 | INFO     | __main__:train_baseline:119 - Model parameters: 202,338
2025-12-24 23:32:31 | INFO     | __main__:train_baseline:140 - 
Epoch 1/30
2025-12-24 23:32:52 | INFO     | __main__:train_baseline:144 - Train Loss: 0.4861
2025-12-24 23:32:52 | INFO     | __main__:train_baseline:148 - Val Loss: 0.4495
2025-12-24 23:32:52 | INFO     | __main__:train_baseline:149 - Val AUC: 0.7296
2025-12-24 23:32:52 | INFO     | __main__:train_baseline:150 - Val AP: 0.4115
2025-12-24 23:32:52 | INFO     | __main__:train_baseline:168 - ✓ Saved best model (AUC: 0.7296)
2025-12-24 23:32:52 | INFO     | __main__:train_baseline:140 - 
Epoch 2/30
2025-12-24 23:33:13 | INFO     | __main__:train_baseline:144 - Train Loss: 0.4018
2025-12-24 23:33:14 | INFO     | __main__:train_baseline:148 - Val Loss: 0.3690
2025-12-24 23:33:14 | INFO     | __main__:train_baseline:149 - Val AUC: 0.8431
2025-12-24 23:33:14 | INFO     | __main__:train_baseline:150 - Val AP: 0.5653
2025-12-24 23:33:14 | INFO     | __main__:train_baseline:168 - ✓ Saved best model (AUC: 0.8431)
2025-12-24 23:33:14 | INFO     | __main__:train_baseline:140 - 
Epoch 3/30
2025-12-24 23:33:35 | INFO     | __main__:train_baseline:144 - Train Loss: 0.3341
2025-12-24 23:33:36 | INFO     | __main__:train_baseline:148 - Val Loss: 0.3256
2025-12-24 23:33:36 | INFO     | __main__:train_baseline:149 - Val AUC: 0.8816
2025-12-24 23:33:36 | INFO     | __main__:train_baseline:150 - Val AP: 0.6194
2025-12-24 23:33:36 | INFO     | __main__:train_baseline:168 - ✓ Saved best model (AUC: 0.8816)
2025-12-24 23:33:36 | INFO     | __main__:train_baseline:140 - 
Epoch 4/30
2025-12-24 23:33:57 | INFO     | __main__:train_baseline:144 - Train Loss: 0.2999
2025-12-24 23:33:57 | INFO     | __main__:train_baseline:148 - Val Loss: 0.3074
2025-12-24 23:33:57 | INFO     | __main__:train_baseline:149 - Val AUC: 0.8959
2025-12-24 23:33:57 | INFO     | __main__:train_baseline:150 - Val AP: 0.6356
2025-12-24 23:33:57 | INFO     | __main__:train_baseline:168 - ✓ Saved best model (AUC: 0.8959)
2025-12-24 23:33:57 | INFO     | __main__:train_baseline:140 - 
Epoch 5/30
2025-12-24 23:34:15 | INFO     | __main__:train_baseline:144 - Train Loss: 0.2812
2025-12-24 23:34:16 | INFO     | __main__:train_baseline:148 - Val Loss: 0.2963
2025-12-24 23:34:16 | INFO     | __main__:train_baseline:149 - Val AUC: 0.9039
2025-12-24 23:34:16 | INFO     | __main__:train_baseline:150 - Val AP: 0.6461
2025-12-24 23:34:16 | INFO     | __main__:train_baseline:168 - ✓ Saved best model (AUC: 0.9039)
2025-12-24 23:34:16 | INFO     | __main__:train_baseline:140 - 
Epoch 6/30
2025-12-24 23:34:39 | INFO     | __main__:train_baseline:144 - Train Loss: 0.2709
2025-12-24 23:34:40 | INFO     | __main__:train_baseline:148 - Val Loss: 0.2899
2025-12-24 23:34:40 | INFO     | __main__:train_baseline:149 - Val AUC: 0.9074
2025-12-24 23:34:40 | INFO     | __main__:train_baseline:150 - Val AP: 0.6499
2025-12-24 23:34:40 | INFO     | __main__:train_baseline:168 - ✓ Saved best model (AUC: 0.9074)
2025-12-24 23:34:40 | INFO     | __main__:train_baseline:140 - 
Epoch 7/30
2025-12-24 23:35:00 | INFO     | __main__:train_baseline:144 - Train Loss: 0.2639
2025-12-24 23:35:01 | INFO     | __main__:train_baseline:148 - Val Loss: 0.2892
2025-12-24 23:35:01 | INFO     | __main__:train_baseline:149 - Val AUC: 0.9095
2025-12-24 23:35:01 | INFO     | __main__:train_baseline:150 - Val AP: 0.6522
2025-12-24 23:35:01 | INFO     | __main__:train_baseline:168 - ✓ Saved best model (AUC: 0.9095)
2025-12-24 23:35:01 | INFO     | __main__:train_baseline:140 - 
Epoch 8/30
2025-12-24 23:35:20 | INFO     | __main__:train_baseline:144 - Train Loss: 0.2597
2025-12-24 23:35:21 | INFO     | __main__:train_baseline:148 - Val Loss: 0.2879
2025-12-24 23:35:21 | INFO     | __main__:train_baseline:149 - Val AUC: 0.9108
2025-12-24 23:35:21 | INFO     | __main__:train_baseline:150 - Val AP: 0.6544
2025-12-24 23:35:21 | INFO     | __main__:train_baseline:168 - ✓ Saved best model (AUC: 0.9108)
2025-12-24 23:35:21 | INFO     | __main__:train_baseline:140 - 
Epoch 9/30
2025-12-24 23:35:43 | INFO     | __main__:train_baseline:144 - Train Loss: 0.2568
2025-12-24 23:35:44 | INFO     | __main__:train_baseline:148 - Val Loss: 0.2886
2025-12-24 23:35:44 | INFO     | __main__:train_baseline:149 - Val AUC: 0.9115
2025-12-24 23:35:44 | INFO     | __main__:train_baseline:150 - Val AP: 0.6575
2025-12-24 23:35:44 | INFO     | __main__:train_baseline:168 - ✓ Saved best model (AUC: 0.9115)
2025-12-24 23:35:44 | INFO     | __main__:train_baseline:140 - 
Epoch 10/30
2025-12-24 23:36:06 | INFO     | __main__:train_baseline:144 - Train Loss: 0.2551
2025-12-24 23:36:06 | INFO     | __main__:train_baseline:148 - Val Loss: 0.2882
2025-12-24 23:36:06 | INFO     | __main__:train_baseline:149 - Val AUC: 0.9116
2025-12-24 23:36:06 | INFO     | __main__:train_baseline:150 - Val AP: 0.6539
2025-12-24 23:36:06 | INFO     | __main__:train_baseline:168 - ✓ Saved best model (AUC: 0.9116)
2025-12-24 23:36:06 | INFO     | __main__:train_baseline:140 - 
Epoch 11/30
2025-12-24 23:36:28 | INFO     | __main__:train_baseline:144 - Train Loss: 0.2534
2025-12-24 23:36:28 | INFO     | __main__:train_baseline:148 - Val Loss: 0.2870
2025-12-24 23:36:28 | INFO     | __main__:train_baseline:149 - Val AUC: 0.9119
2025-12-24 23:36:28 | INFO     | __main__:train_baseline:150 - Val AP: 0.6577
2025-12-24 23:36:28 | INFO     | __main__:train_baseline:168 - ✓ Saved best model (AUC: 0.9119)
2025-12-24 23:36:28 | INFO     | __main__:train_baseline:140 - 
Epoch 12/30
2025-12-24 23:36:49 | INFO     | __main__:train_baseline:144 - Train Loss: 0.2523
2025-12-24 23:36:50 | INFO     | __main__:train_baseline:148 - Val Loss: 0.2892
2025-12-24 23:36:50 | INFO     | __main__:train_baseline:149 - Val AUC: 0.9124
2025-12-24 23:36:50 | INFO     | __main__:train_baseline:150 - Val AP: 0.6589
2025-12-24 23:36:50 | INFO     | __main__:train_baseline:168 - ✓ Saved best model (AUC: 0.9124)
2025-12-24 23:36:50 | INFO     | __main__:train_baseline:140 - 
Epoch 13/30
2025-12-24 23:37:15 | INFO     | __main__:train_baseline:144 - Train Loss: 0.2512
2025-12-24 23:37:15 | INFO     | __main__:train_baseline:148 - Val Loss: 0.2923
2025-12-24 23:37:15 | INFO     | __main__:train_baseline:149 - Val AUC: 0.9124
2025-12-24 23:37:15 | INFO     | __main__:train_baseline:150 - Val AP: 0.6571
2025-12-24 23:37:15 | INFO     | __main__:train_baseline:140 - 
Epoch 14/30
2025-12-24 23:37:35 | INFO     | __main__:train_baseline:144 - Train Loss: 0.2508
2025-12-24 23:37:36 | INFO     | __main__:train_baseline:148 - Val Loss: 0.2897
2025-12-24 23:37:36 | INFO     | __main__:train_baseline:149 - Val AUC: 0.9130
2025-12-24 23:37:36 | INFO     | __main__:train_baseline:150 - Val AP: 0.6616
2025-12-24 23:37:36 | INFO     | __main__:train_baseline:168 - ✓ Saved best model (AUC: 0.9130)
2025-12-24 23:37:36 | INFO     | __main__:train_baseline:140 - 
Epoch 15/30
2025-12-24 23:37:58 | INFO     | __main__:train_baseline:144 - Train Loss: 0.2502
2025-12-24 23:37:59 | INFO     | __main__:train_baseline:148 - Val Loss: 0.2923
2025-12-24 23:37:59 | INFO     | __main__:train_baseline:149 - Val AUC: 0.9120
2025-12-24 23:37:59 | INFO     | __main__:train_baseline:150 - Val AP: 0.6516
2025-12-24 23:37:59 | INFO     | __main__:train_baseline:140 - 
Epoch 16/30
2025-12-24 23:38:23 | INFO     | __main__:train_baseline:144 - Train Loss: 0.2496
2025-12-24 23:38:24 | INFO     | __main__:train_baseline:148 - Val Loss: 0.2963
2025-12-24 23:38:24 | INFO     | __main__:train_baseline:149 - Val AUC: 0.9126
2025-12-24 23:38:24 | INFO     | __main__:train_baseline:150 - Val AP: 0.6587
2025-12-24 23:38:24 | INFO     | __main__:train_baseline:140 - 
Epoch 17/30
2025-12-24 23:38:51 | INFO     | __main__:train_baseline:144 - Train Loss: 0.2492
2025-12-24 23:38:52 | INFO     | __main__:train_baseline:148 - Val Loss: 0.2970
2025-12-24 23:38:52 | INFO     | __main__:train_baseline:149 - Val AUC: 0.9122
2025-12-24 23:38:52 | INFO     | __main__:train_baseline:150 - Val AP: 0.6525
2025-12-24 23:38:52 | INFO     | __main__:train_baseline:140 - 
Epoch 18/30
2025-12-24 23:39:16 | INFO     | __main__:train_baseline:144 - Train Loss: 0.2489
2025-12-24 23:39:16 | INFO     | __main__:train_baseline:148 - Val Loss: 0.2986
2025-12-24 23:39:16 | INFO     | __main__:train_baseline:149 - Val AUC: 0.9120
2025-12-24 23:39:16 | INFO     | __main__:train_baseline:150 - Val AP: 0.6558
2025-12-24 23:39:16 | INFO     | __main__:train_baseline:140 - 
Epoch 19/30
2025-12-24 23:39:37 | INFO     | __main__:train_baseline:144 - Train Loss: 0.2487
2025-12-24 23:39:38 | INFO     | __main__:train_baseline:148 - Val Loss: 0.2986
2025-12-24 23:39:38 | INFO     | __main__:train_baseline:149 - Val AUC: 0.9118
2025-12-24 23:39:38 | INFO     | __main__:train_baseline:150 - Val AP: 0.6523
2025-12-24 23:39:38 | INFO     | __main__:train_baseline:140 - 
Epoch 20/30
2025-12-24 23:40:01 | INFO     | __main__:train_baseline:144 - Train Loss: 0.2483
2025-12-24 23:40:02 | INFO     | __main__:train_baseline:148 - Val Loss: 0.3002
2025-12-24 23:40:02 | INFO     | __main__:train_baseline:149 - Val AUC: 0.9121
2025-12-24 23:40:02 | INFO     | __main__:train_baseline:150 - Val AP: 0.6509
2025-12-24 23:40:02 | INFO     | __main__:train_baseline:140 - 
Epoch 21/30
2025-12-24 23:40:23 | INFO     | __main__:train_baseline:144 - Train Loss: 0.2481
2025-12-24 23:40:24 | INFO     | __main__:train_baseline:148 - Val Loss: 0.2987
2025-12-24 23:40:24 | INFO     | __main__:train_baseline:149 - Val AUC: 0.9120
2025-12-24 23:40:24 | INFO     | __main__:train_baseline:150 - Val AP: 0.6522
2025-12-24 23:40:24 | INFO     | __main__:train_baseline:140 - 
Epoch 22/30
2025-12-24 23:40:45 | INFO     | __main__:train_baseline:144 - Train Loss: 0.2480
2025-12-24 23:40:45 | INFO     | __main__:train_baseline:148 - Val Loss: 0.3060
2025-12-24 23:40:45 | INFO     | __main__:train_baseline:149 - Val AUC: 0.9129
2025-12-24 23:40:45 | INFO     | __main__:train_baseline:150 - Val AP: 0.6591
2025-12-24 23:40:45 | INFO     | __main__:train_baseline:140 - 
Epoch 23/30
2025-12-24 23:41:06 | INFO     | __main__:train_baseline:144 - Train Loss: 0.2476
2025-12-24 23:41:07 | INFO     | __main__:train_baseline:148 - Val Loss: 0.3062
2025-12-24 23:41:07 | INFO     | __main__:train_baseline:149 - Val AUC: 0.9128
2025-12-24 23:41:07 | INFO     | __main__:train_baseline:150 - Val AP: 0.6578
2025-12-24 23:41:07 | INFO     | __main__:train_baseline:140 - 
Epoch 24/30
2025-12-24 23:41:26 | INFO     | __main__:train_baseline:144 - Train Loss: 0.2474
2025-12-24 23:41:27 | INFO     | __main__:train_baseline:148 - Val Loss: 0.3048
2025-12-24 23:41:27 | INFO     | __main__:train_baseline:149 - Val AUC: 0.9123
2025-12-24 23:41:27 | INFO     | __main__:train_baseline:150 - Val AP: 0.6506
2025-12-24 23:41:27 | INFO     | __main__:train_baseline:140 - 
Epoch 25/30
2025-12-24 23:41:46 | INFO     | __main__:train_baseline:144 - Train Loss: 0.2475
2025-12-24 23:41:47 | INFO     | __main__:train_baseline:148 - Val Loss: 0.3085
2025-12-24 23:41:47 | INFO     | __main__:train_baseline:149 - Val AUC: 0.9126
2025-12-24 23:41:47 | INFO     | __main__:train_baseline:150 - Val AP: 0.6562
2025-12-24 23:41:47 | INFO     | __main__:train_baseline:140 - 
Epoch 26/30
2025-12-24 23:42:07 | INFO     | __main__:train_baseline:144 - Train Loss: 0.2475
2025-12-24 23:42:08 | INFO     | __main__:train_baseline:148 - Val Loss: 0.3084
2025-12-24 23:42:08 | INFO     | __main__:train_baseline:149 - Val AUC: 0.9125
2025-12-24 23:42:08 | INFO     | __main__:train_baseline:150 - Val AP: 0.6544
2025-12-24 23:42:08 | INFO     | __main__:train_baseline:140 - 
Epoch 27/30
2025-12-24 23:42:31 | INFO     | __main__:train_baseline:144 - Train Loss: 0.2471
2025-12-24 23:42:31 | INFO     | __main__:train_baseline:148 - Val Loss: 0.3067
2025-12-24 23:42:31 | INFO     | __main__:train_baseline:149 - Val AUC: 0.9125
2025-12-24 23:42:31 | INFO     | __main__:train_baseline:150 - Val AP: 0.6551
2025-12-24 23:42:31 | INFO     | __main__:train_baseline:140 - 
Epoch 28/30
2025-12-24 23:42:52 | INFO     | __main__:train_baseline:144 - Train Loss: 0.2471
2025-12-24 23:42:53 | INFO     | __main__:train_baseline:148 - Val Loss: 0.3052
2025-12-24 23:42:53 | INFO     | __main__:train_baseline:149 - Val AUC: 0.9126
2025-12-24 23:42:53 | INFO     | __main__:train_baseline:150 - Val AP: 0.6547
2025-12-24 23:42:53 | INFO     | __main__:train_baseline:140 - 
Epoch 29/30
2025-12-24 23:43:14 | INFO     | __main__:train_baseline:144 - Train Loss: 0.2470
2025-12-24 23:43:14 | INFO     | __main__:train_baseline:148 - Val Loss: 0.3099
2025-12-24 23:43:14 | INFO     | __main__:train_baseline:149 - Val AUC: 0.9133
2025-12-24 23:43:14 | INFO     | __main__:train_baseline:150 - Val AP: 0.6595
2025-12-24 23:43:14 | INFO     | __main__:train_baseline:168 - ✓ Saved best model (AUC: 0.9133)
2025-12-24 23:43:14 | INFO     | __main__:train_baseline:140 - 
Epoch 30/30
2025-12-24 23:43:35 | INFO     | __main__:train_baseline:144 - Train Loss: 0.2468
2025-12-24 23:43:36 | INFO     | __main__:train_baseline:148 - Val Loss: 0.3069
2025-12-24 23:43:36 | INFO     | __main__:train_baseline:149 - Val AUC: 0.9129
2025-12-24 23:43:36 | INFO     | __main__:train_baseline:150 - Val AP: 0.6564
2025-12-24 23:43:36 | INFO     | __main__:train_baseline:171 - 
================================================================================
2025-12-24 23:43:36 | INFO     | __main__:train_baseline:172 - Testing din
2025-12-24 23:43:36 | INFO     | __main__:train_baseline:173 - ================================================================================
2025-12-24 23:43:37 | INFO     | __main__:train_baseline:179 - Test Loss: 0.3127
2025-12-24 23:43:37 | INFO     | __main__:train_baseline:180 - Test AUC: 0.9106
2025-12-24 23:43:37 | INFO     | __main__:train_baseline:181 - Test AP: 0.6445
2025-12-24 23:43:37 | INFO     | __main__:main:304 - 
================================================================================
2025-12-24 23:43:37 | INFO     | __main__:main:305 - ALL BASELINE TRAINING COMPLETE!
2025-12-24 23:43:37 | INFO     | __main__:main:306 - ================================================================================
