2025-12-24 14:15:29 | INFO     | src.utils.logger:setup_logger:42 - Logger initialized. Logs saved to: logs\cofars_20251224_141529.log
2025-12-24 14:15:29 | INFO     | __main__:main:117 - ================================================================================
2025-12-24 14:15:29 | INFO     | __main__:main:118 - TRAINING COFARS-SPARSE
2025-12-24 14:15:29 | INFO     | __main__:main:119 - ================================================================================
2025-12-24 14:15:29 | INFO     | __main__:main:123 - Using device: cpu
2025-12-24 14:15:29 | INFO     | __main__:main:126 - Loading data...
2025-12-24 14:15:31 | INFO     | __main__:main:134 - Data loaded:
2025-12-24 14:15:31 | INFO     | __main__:main:135 -   Train: 39356 samples
2025-12-24 14:15:31 | INFO     | __main__:main:136 -   Val: 4896 samples
2025-12-24 14:15:31 | INFO     | __main__:main:137 -   Test: 4900 samples
2025-12-24 14:15:31 | INFO     | __main__:main:138 -   Users: 40522
2025-12-24 14:15:31 | INFO     | __main__:main:139 -   Items: 11746
2025-12-24 14:15:31 | INFO     | __main__:main:140 -   Contexts: 10
2025-12-24 14:15:31 | INFO     | __main__:main:162 - Creating model...
2025-12-24 14:15:31 | INFO     | __main__:main:172 - Model parameters: 246,582
2025-12-24 14:15:31 | INFO     | __main__:main:187 - Starting training for 5 epochs...
2025-12-24 14:15:31 | INFO     | __main__:main:190 - 
Epoch 1/5
2025-12-24 14:15:43 | INFO     | __main__:main:197 - Train Loss: 0.0199
2025-12-24 14:15:43 | INFO     | __main__:main:198 -   Components: {'rec': 0.019819709908502344, 'js': 0.0, 'ind': 0.03612821435904115}
2025-12-24 14:15:44 | INFO     | __main__:main:203 - Val Loss: 0.0001
2025-12-24 14:15:44 | INFO     | __main__:main:204 - Val AUC: 0.5000
2025-12-24 14:15:44 | INFO     | __main__:main:205 - Val AP: 1.0000
2025-12-24 14:15:44 | INFO     | __main__:main:218 - ✓ Saved best model (AUC: 0.5000)
2025-12-24 14:15:44 | INFO     | __main__:main:190 - 
Epoch 2/5
2025-12-24 14:15:56 | INFO     | __main__:main:197 - Train Loss: 0.0001
2025-12-24 14:15:56 | INFO     | __main__:main:198 -   Components: {'rec': 2.1115874280839328e-05, 'js': 0.0, 'ind': 0.0301765133210314}
2025-12-24 14:15:56 | INFO     | __main__:main:203 - Val Loss: 0.0000
2025-12-24 14:15:56 | INFO     | __main__:main:204 - Val AUC: 0.5000
2025-12-24 14:15:56 | INFO     | __main__:main:205 - Val AP: 1.0000
2025-12-24 14:15:56 | INFO     | __main__:main:190 - 
Epoch 3/5
2025-12-24 14:16:08 | INFO     | __main__:main:197 - Train Loss: 0.0000
2025-12-24 14:16:08 | INFO     | __main__:main:198 -   Components: {'rec': 1.5288136500003463e-05, 'js': 0.0, 'ind': 0.030187707127836663}
2025-12-24 14:16:09 | INFO     | __main__:main:203 - Val Loss: 0.0000
2025-12-24 14:16:09 | INFO     | __main__:main:204 - Val AUC: 0.5000
2025-12-24 14:16:09 | INFO     | __main__:main:205 - Val AP: 1.0000
2025-12-24 14:16:09 | INFO     | __main__:main:190 - 
Epoch 4/5
2025-12-24 14:16:21 | INFO     | __main__:main:197 - Train Loss: 0.0000
2025-12-24 14:16:21 | INFO     | __main__:main:198 -   Components: {'rec': 1.2005792300035724e-05, 'js': 0.0, 'ind': 0.030186714086590745}
2025-12-24 14:16:22 | INFO     | __main__:main:203 - Val Loss: 0.0000
2025-12-24 14:16:22 | INFO     | __main__:main:204 - Val AUC: 0.5000
2025-12-24 14:16:22 | INFO     | __main__:main:205 - Val AP: 1.0000
2025-12-24 14:16:22 | INFO     | __main__:main:190 - 
Epoch 5/5
2025-12-24 14:16:34 | INFO     | __main__:main:197 - Train Loss: 0.0000
2025-12-24 14:16:34 | INFO     | __main__:main:198 -   Components: {'rec': 1.0029393753229225e-05, 'js': 0.0, 'ind': 0.030185088494080838}
2025-12-24 14:16:34 | INFO     | __main__:main:203 - Val Loss: 0.0000
2025-12-24 14:16:34 | INFO     | __main__:main:204 - Val AUC: 0.5000
2025-12-24 14:16:34 | INFO     | __main__:main:205 - Val AP: 1.0000
2025-12-24 14:16:34 | INFO     | __main__:main:220 - ================================================================================
2025-12-24 14:16:34 | INFO     | __main__:main:221 - TRAINING COMPLETE!
2025-12-24 14:16:34 | INFO     | __main__:main:222 - Best Val AUC: 0.5000
2025-12-24 14:16:34 | INFO     | __main__:main:223 - ================================================================================
2025-12-24 14:16:34 | INFO     | __main__:main:226 - 
Evaluating on test set...
2025-12-24 14:16:35 | INFO     | __main__:main:232 - Test Loss: 0.0001
2025-12-24 14:16:35 | INFO     | __main__:main:233 - Test AUC: 0.5000
2025-12-24 14:16:35 | INFO     | __main__:main:234 - Test AP: 1.0000
2025-12-24 14:16:35 | INFO     | __main__:main:248 - Results saved to: results/statistics\training_results.json
