2025-12-24 14:12:24 | INFO     | src.utils.logger:setup_logger:42 - Logger initialized. Logs saved to: logs\cofars_20251224_141224.log
2025-12-24 14:12:24 | INFO     | __main__:main:109 - ================================================================================
2025-12-24 14:12:24 | INFO     | __main__:main:110 - TRAINING COFARS-SPARSE
2025-12-24 14:12:24 | INFO     | __main__:main:111 - ================================================================================
2025-12-24 14:12:24 | INFO     | __main__:main:115 - Using device: cpu
2025-12-24 14:12:24 | INFO     | __main__:main:118 - Loading data...
2025-12-24 14:12:26 | INFO     | __main__:main:126 - Data loaded:
2025-12-24 14:12:26 | INFO     | __main__:main:127 -   Train: 39356 samples
2025-12-24 14:12:26 | INFO     | __main__:main:128 -   Val: 4896 samples
2025-12-24 14:12:26 | INFO     | __main__:main:129 -   Test: 4900 samples
2025-12-24 14:12:26 | INFO     | __main__:main:130 -   Users: 40522
2025-12-24 14:12:26 | INFO     | __main__:main:131 -   Items: 11746
2025-12-24 14:12:26 | INFO     | __main__:main:132 -   Contexts: 10
2025-12-24 14:12:26 | INFO     | __main__:main:154 - Creating model...
2025-12-24 14:12:26 | INFO     | __main__:main:164 - Model parameters: 246,582
2025-12-24 14:12:26 | INFO     | __main__:main:179 - Starting training for 5 epochs...
2025-12-24 14:12:26 | INFO     | __main__:main:182 - 
Epoch 1/5
2025-12-24 14:12:39 | INFO     | __main__:main:189 - Train Loss: 0.0257
2025-12-24 14:12:39 | INFO     | __main__:main:190 -   Components: {'rec': 0.025658881257946426, 'js': 0.0, 'ind': 0.03753492638650464}
